Arguments: 
  C:\Program Files\nodejs\node.exe C:\Users\Patata\AppData\Roaming\npm\node_modules\yarn\bin\yarn.js add parcel @next

PATH: 
  C:\Users\Patata\bin;D:\Git\mingw64\bin;D:\Git\usr\local\bin;D:\Git\usr\bin;D:\Git\usr\bin;D:\Git\mingw64\bin;D:\Git\usr\bin;C:\Users\Patata\bin;C:\Program Files (x86)\Common Files\Intel\Shared Libraries\redist\intel64_win\compiler;C:\Windows\system32;C:\Windows;C:\Windows\System32\Wbem;C:\Windows\System32\WindowsPowerShell\v1.0;C:\Program Files (x86)\QuickTime\QTSystem;D:\Git\cmd;C:\Program Files\nodejs;C:\Users\Patata\AppData\Local\Programs\Microsoft VS Code\bin;C:\Users\Patata\AppData\Roaming\npm;D:\Git\usr\bin\vendor_perl;D:\Git\usr\bin\core_perl

Yarn version: 
  1.22.11

Node version: 
  14.17.0

Platform: 
  win32 x64

Trace: 
  Error: https://registry.yarnpkg.com/@next: Request "https://registry.yarnpkg.com/@next" returned a 405
      at Request.params.callback [as _callback] (C:\Users\Patata\AppData\Roaming\npm\node_modules\yarn\lib\cli.js:67001:18)
      at Request.self.callback (C:\Users\Patata\AppData\Roaming\npm\node_modules\yarn\lib\cli.js:140763:22)
      at Request.emit (events.js:376:20)
      at Request.<anonymous> (C:\Users\Patata\AppData\Roaming\npm\node_modules\yarn\lib\cli.js:141735:10)
      at Request.emit (events.js:376:20)
      at IncomingMessage.<anonymous> (C:\Users\Patata\AppData\Roaming\npm\node_modules\yarn\lib\cli.js:141657:12)
      at Object.onceWrapper (events.js:482:28)
      at IncomingMessage.emit (events.js:388:22)
      at endReadableNT (internal/streams/readable.js:1336:12)
      at processTicksAndRejections (internal/process/task_queues.js:82:21)

npm manifest: 
  {
    
      "compilerOptions": {
        "target": "esnext"
    },
    
    
    "version": "1.0.0",
    "license": "MIT",
    "devDependencies": {
     "parcel": "^2.4.0"
    },
    
    
    
    "scripts": {"dev": "parcel serve ./src/index.html",
    "build": "parcel build ./src/index.html"}
    }

yarn manifest: 
  No manifest

Lockfile: 
  No lockfile
